C51 COMPILER V9.52.0.0   MAIN                                                              03/30/2024 17:32:31 PAGE 1   


C51 COMPILER V9.52.0.0, COMPILATION OF MODULE MAIN
OBJECT MODULE PLACED IN main.OBJ
COMPILER INVOKED BY: F:\all_for_51\keil\C51\BIN\C51.EXE main.c BROWSE DEBUG OBJECTEXTEND TABS(2)

line level    source

   1          #include"reg52.h"
   2          #include<intrins.h>
   3          
   4          #define ON 1
   5          #define  OFF 0
   6          
   7          sbit switcher =P1^0;
   8          sbit  D0_ON=P1^1;
   9          sbit  D1_OFF=P1^2;
  10          sbit vibrate=P1^3; //继电器开关
  11          
  12          
  13          
  14          void Delay2000ms()    //@11.0592MHz
  15          {
  16   1        unsigned char i, j, k;
  17   1      
  18   1        _nop_();
  19   1        i = 15;
  20   1        j = 2;
  21   1        k = 235;
  22   1        do
  23   1        {
  24   2          do
  25   2          {
  26   3            while (--k);
  27   3          } while (--j);
  28   2        } while (--i);
  29   1      }
  30          
  31          
  32          void Delay300ms()   //@11.0592MHz
  33          {
  34   1        unsigned char i, j, k;
  35   1      
  36   1        _nop_();
  37   1        i = 3;
  38   1        j = 26;
  39   1        k = 223;
  40   1        do
  41   1        {
  42   2          do
  43   2          {
  44   3            while (--k);
  45   3          } while (--j);
  46   2        } while (--i);
  47   1      }
  48          
  49          
  50          void main()
  51          {
  52   1        int mark = OFF;
  53   1        
  54   1       while(1) //查询
  55   1       {
C51 COMPILER V9.52.0.0   MAIN                                                              03/30/2024 17:32:31 PAGE 2   

  56   2         //1. if A 按键被按下 -- 设置为警报模式 -- 长响进入警报模式
  57   2          if(D0_ON==1)
  58   2          {
  59   3            // 设为警报模式
  60   3           mark =ON;
  61   3            //响两秒
  62   3           switcher=0;
  63   3           Delay2000ms();
  64   3           switcher=1;
  65   3      
  66   3          }
  67   2         
  68   2         
  69   2        
  70   2         
  71   2         //2.if B按键被按下，设为关闭模式  -- 短响解除警报模式
  72   2          if(D1_OFF==1)
  73   2          {
  74   3            // 关闭警报模式
  75   3           mark =OFF;
  76   3            //响两秒
  77   3           switcher=0;
  78   3           Delay300ms();
  79   3           switcher=1;
  80   3      
  81   3          }
  82   2         
  83   2           //1.1 警报模式下，发生振动 -- 喇叭响
  84   2         //1.2 警报模式下，没有振动 -- 喇叭不响
  85   2          if(mark==ON)
  86   2          {
  87   3           if(vibrate == 0) //发生振动响一会
  88   3           {
  89   4            switcher=0;
  90   4           Delay300ms();
  91   4           switcher=1;
  92   4            }
  93   3            else  //不发生振动就都不响
  94   3               switcher=1;
  95   3          }
  96   2      } 
  97   1      
  98   1      }


MODULE INFORMATION:   STATIC OVERLAYABLE
   CODE SIZE        =     80    ----
   CONSTANT SIZE    =   ----    ----
   XDATA SIZE       =   ----    ----
   PDATA SIZE       =   ----    ----
   DATA SIZE        =   ----    ----
   IDATA SIZE       =   ----    ----
   BIT SIZE         =   ----    ----
END OF MODULE INFORMATION.


C51 COMPILATION COMPLETE.  0 WARNING(S),  0 ERROR(S)
